Language
Set Keyboard Layout
loadkeys la-latin1
Disk Partitions
Select Partitions and Install
Formatting partition /dev/sda3 as ext4
----------------------------------------------
mkfs.ext4 /dev/sda3

mount /dev/sda3 /mnt
mkdir /mnt/{boot,home}
mount /dev/sda1 /mnt/boot
swapon /dev/sda2
mount /dev/sda4 /mnt/home
pacstrap /mnt base
echo "pacman" > /mnt/etc/hostname
pacman
echo "KEYMAP=la-latin1" > /mnt/etc/vconsole.conf
KEYMAP=la-latin1
echo "LANG=es_CO.UTF-8" > /mnt/etc/locale.conf
LANG=es_CO.UTF-8
echo "LC_COLLATE=C" >> /mnt/etc/locale.conf
LC_COLLATE=C
sed -i '/es_CO.UTF-8/s/^#//g' /mnt/etc/locale.gen
arch-chroot /mnt /root
exit
arch-chroot /mnt /root
exit
genfstab -U -p /mnt > /mnt/etc/fstab
pacstrap /mnt grub
arch-chroot /mnt /root
exit
umount -R /mnt
swapoff /dev/sda2


